{"C:\\Users\\Raimonds\\Desktop\\react-typescript-jest-boilerplate-master\\react-typescript-jest-boilerplate-master\\src\\declaration.d.ts": {"path":"C:\\Users\\Raimonds\\Desktop\\react-typescript-jest-boilerplate-master\\react-typescript-jest-boilerplate-master\\src\\declaration.d.ts","statementMap":{},"fnMap":{},"branchMap":{},"s":{},"f":{},"b":{},"inputSourceMap":null}
,"C:\\Users\\Raimonds\\Desktop\\react-typescript-jest-boilerplate-master\\react-typescript-jest-boilerplate-master\\src\\components\\Hello\\handlers.ts": {"path":"C:\\Users\\Raimonds\\Desktop\\react-typescript-jest-boilerplate-master\\react-typescript-jest-boilerplate-master\\src\\components\\Hello\\handlers.ts","statementMap":{"0":{"start":{"line":1,"column":13},"end":{"line":4,"column":2}},"1":{"start":{"line":6,"column":25},"end":{"line":6,"column":60}},"2":{"start":{"line":6,"column":59},"end":{"line":6,"column":65}},"3":{"start":{"line":6,"column":13},"end":{"line":6,"column":25}}},"fnMap":{"0":{"name":"(anonymous_0)","decl":{"start":{"line":6,"column":25},"end":{"line":6,"column":26}},"loc":{"start":{"line":6,"column":46},"end":{"line":6,"column":60}}}},"branchMap":{},"s":{"0":1,"1":1,"2":1,"3":1},"f":{"0":1},"b":{}}
,"C:\\Users\\Raimonds\\Desktop\\react-typescript-jest-boilerplate-master\\react-typescript-jest-boilerplate-master\\src\\routes\\index.ts": {"path":"C:\\Users\\Raimonds\\Desktop\\react-typescript-jest-boilerplate-master\\react-typescript-jest-boilerplate-master\\src\\routes\\index.ts","statementMap":{"0":{"start":{"line":1,"column":0},"end":{"line":1,"column":44}},"1":{"start":{"line":2,"column":0},"end":{"line":2,"column":44}},"2":{"start":{"line":4,"column":13},"end":{"line":15,"column":2}}},"fnMap":{},"branchMap":{},"s":{"0":0,"1":0,"2":0},"f":{},"b":{}}
,"C:\\Users\\Raimonds\\Desktop\\react-typescript-jest-boilerplate-master\\react-typescript-jest-boilerplate-master\\src\\testingWithJest\\account-statement\\account.ts": {"path":"C:\\Users\\Raimonds\\Desktop\\react-typescript-jest-boilerplate-master\\react-typescript-jest-boilerplate-master\\src\\testingWithJest\\account-statement\\account.ts","statementMap":{"0":{"start":{"line":9,"column":23},"end":{"line":11,"column":1}},"1":{"start":{"line":10,"column":2},"end":{"line":10,"column":56}},"2":{"start":{"line":9,"column":13},"end":{"line":9,"column":23}},"3":{"start":{"line":13,"column":24},"end":{"line":15,"column":1}},"4":{"start":{"line":14,"column":2},"end":{"line":14,"column":59}},"5":{"start":{"line":13,"column":13},"end":{"line":13,"column":24}}},"fnMap":{"0":{"name":"(anonymous_2)","decl":{"start":{"line":9,"column":23},"end":{"line":9,"column":24}},"loc":{"start":{"line":9,"column":54},"end":{"line":11,"column":1}}},"1":{"name":"(anonymous_3)","decl":{"start":{"line":13,"column":24},"end":{"line":13,"column":25}},"loc":{"start":{"line":13,"column":57},"end":{"line":15,"column":1}}}},"branchMap":{},"s":{"0":1,"1":2,"2":1,"3":1,"4":1,"5":1},"f":{"0":2,"1":1},"b":{}}
,"C:\\Users\\Raimonds\\Desktop\\react-typescript-jest-boilerplate-master\\react-typescript-jest-boilerplate-master\\src\\testingWithJest\\fizzBuzz\\fizzBuzz.ts": {"path":"C:\\Users\\Raimonds\\Desktop\\react-typescript-jest-boilerplate-master\\react-typescript-jest-boilerplate-master\\src\\testingWithJest\\fizzBuzz\\fizzBuzz.ts","statementMap":{"0":{"start":{"line":1,"column":20},"end":{"line":16,"column":1}},"1":{"start":{"line":2,"column":38},"end":{"line":2,"column":40}},"2":{"start":{"line":3,"column":2},"end":{"line":13,"column":null}},"3":{"start":{"line":3,"column":15},"end":{"line":3,"column":16}},"4":{"start":{"line":4,"column":4},"end":{"line":12,"column":null}},"5":{"start":{"line":5,"column":6},"end":{"line":5,"column":30}},"6":{"start":{"line":6,"column":11},"end":{"line":12,"column":null}},"7":{"start":{"line":7,"column":6},"end":{"line":7,"column":26}},"8":{"start":{"line":8,"column":11},"end":{"line":12,"column":null}},"9":{"start":{"line":9,"column":6},"end":{"line":9,"column":26}},"10":{"start":{"line":11,"column":6},"end":{"line":11,"column":21}},"11":{"start":{"line":15,"column":2},"end":{"line":15,"column":16}},"12":{"start":{"line":18,"column":0},"end":{"line":18,"column":27}}},"fnMap":{"0":{"name":"(anonymous_0)","decl":{"start":{"line":1,"column":20},"end":{"line":1,"column":21}},"loc":{"start":{"line":1,"column":35},"end":{"line":16,"column":1}}}},"branchMap":{"0":{"loc":{"start":{"line":4,"column":4},"end":{"line":12,"column":null}},"type":"if","locations":[{"start":{"line":4,"column":4},"end":{"line":12,"column":null}},{"start":{"line":6,"column":11},"end":{"line":12,"column":null}}]},"1":{"loc":{"start":{"line":6,"column":11},"end":{"line":12,"column":null}},"type":"if","locations":[{"start":{"line":6,"column":11},"end":{"line":12,"column":null}},{"start":{"line":8,"column":11},"end":{"line":12,"column":null}}]},"2":{"loc":{"start":{"line":8,"column":11},"end":{"line":12,"column":null}},"type":"if","locations":[{"start":{"line":8,"column":11},"end":{"line":12,"column":null}},{"start":{"line":10,"column":11},"end":{"line":12,"column":null}}]}},"s":{"0":1,"1":5,"2":5,"3":5,"4":33,"5":0,"6":33,"7":10,"8":23,"9":4,"10":19,"11":5,"12":1},"f":{"0":5},"b":{"0":[0,33],"1":[10,23],"2":[4,19]}}
}
