TN:
SF:src\declaration.d.ts
FNF:0
FNH:0
LF:0
LH:0
BRF:0
BRH:0
end_of_record
TN:
SF:src\components\Hello\handlers.ts
FN:6,(anonymous_0)
FNF:1
FNH:1
FNDA:1,(anonymous_0)
DA:1,1
DA:6,1
LF:2
LH:2
BRF:0
BRH:0
end_of_record
TN:
SF:src\routes\index.ts
FNF:0
FNH:0
DA:1,0
DA:2,0
DA:4,0
LF:3
LH:0
BRF:0
BRH:0
end_of_record
TN:
SF:src\testingWithJest\account-statement\account.ts
FN:9,(anonymous_2)
FN:13,(anonymous_3)
FNF:2
FNH:2
FNDA:2,(anonymous_2)
FNDA:1,(anonymous_3)
DA:9,1
DA:10,2
DA:13,1
DA:14,1
LF:4
LH:4
BRF:0
BRH:0
end_of_record
TN:
SF:src\testingWithJest\fizzBuzz\fizzBuzz.ts
FN:1,(anonymous_0)
FNF:1
FNH:1
FNDA:5,(anonymous_0)
DA:1,1
DA:2,5
DA:3,5
DA:4,33
DA:5,0
DA:6,33
DA:7,10
DA:8,23
DA:9,4
DA:11,19
DA:15,5
DA:18,1
LF:12
LH:11
BRDA:4,0,0,0
BRDA:4,0,1,33
BRDA:6,1,0,10
BRDA:6,1,1,23
BRDA:8,2,0,4
BRDA:8,2,1,19
BRF:6
BRH:5
end_of_record
